The system is: Linux - 3.13.0-39-generic - x86_64
Compiling the C compiler identification source file "CMakeCCompilerId.c" succeeded.
Compiler: /usr/bin/cc 
Build flags: 
Id flags: 

The output was:
0


Compilation of the C compiler identification source "CMakeCCompilerId.c" produced "a.out"

The C compiler identification is GNU, found in "/home/angecroft/Documents/physicEngine/Template-Imac3-MoteursPhysiques-PartyKel/build/CMakeFiles/2.8.12.2/CompilerIdC/a.out"

Compiling the CXX compiler identification source file "CMakeCXXCompilerId.cpp" succeeded.
Compiler: /usr/bin/c++ 
Build flags: 
Id flags: 

The output was:
0


Compilation of the CXX compiler identification source "CMakeCXXCompilerId.cpp" produced "a.out"

The CXX compiler identification is GNU, found in "/home/angecroft/Documents/physicEngine/Template-Imac3-MoteursPhysiques-PartyKel/build/CMakeFiles/2.8.12.2/CompilerIdCXX/a.out"

Determining if the C compiler works passed with the following output:
Change Dir: /home/angecroft/Documents/physicEngine/Template-Imac3-MoteursPhysiques-PartyKel/build/CMakeFiles/CMakeTmp

Run Build Command:/usr/bin/make "cmTryCompileExec1641408977/fast"
/usr/bin/make -f CMakeFiles/cmTryCompileExec1641408977.dir/build.make CMakeFiles/cmTryCompileExec1641408977.dir/build
make[1]: entrant dans le répertoire « /home/angecroft/Documents/physicEngine/Template-Imac3-MoteursPhysiques-PartyKel/build/CMakeFiles/CMakeTmp »
/usr/bin/cmake -E cmake_progress_report /home/angecroft/Documents/physicEngine/Template-Imac3-MoteursPhysiques-PartyKel/build/CMakeFiles/CMakeTmp/CMakeFiles 1
Building C object CMakeFiles/cmTryCompileExec1641408977.dir/testCCompiler.c.o
/usr/bin/cc    -o CMakeFiles/cmTryCompileExec1641408977.dir/testCCompiler.c.o   -c /home/angecroft/Documents/physicEngine/Template-Imac3-MoteursPhysiques-PartyKel/build/CMakeFiles/CMakeTmp/testCCompiler.c
Linking C executable cmTryCompileExec1641408977
/usr/bin/cmake -E cmake_link_script CMakeFiles/cmTryCompileExec1641408977.dir/link.txt --verbose=1
/usr/bin/cc       CMakeFiles/cmTryCompileExec1641408977.dir/testCCompiler.c.o  -o cmTryCompileExec1641408977 -rdynamic 
make[1]: quittant le répertoire « /home/angecroft/Documents/physicEngine/Template-Imac3-MoteursPhysiques-PartyKel/build/CMakeFiles/CMakeTmp »


Detecting C compiler ABI info compiled with the following output:
Change Dir: /home/angecroft/Documents/physicEngine/Template-Imac3-MoteursPhysiques-PartyKel/build/CMakeFiles/CMakeTmp

Run Build Command:/usr/bin/make "cmTryCompileExec2813080977/fast"
/usr/bin/make -f CMakeFiles/cmTryCompileExec2813080977.dir/build.make CMakeFiles/cmTryCompileExec2813080977.dir/build
make[1]: entrant dans le répertoire « /home/angecroft/Documents/physicEngine/Template-Imac3-MoteursPhysiques-PartyKel/build/CMakeFiles/CMakeTmp »
/usr/bin/cmake -E cmake_progress_report /home/angecroft/Documents/physicEngine/Template-Imac3-MoteursPhysiques-PartyKel/build/CMakeFiles/CMakeTmp/CMakeFiles 1
Building C object CMakeFiles/cmTryCompileExec2813080977.dir/CMakeCCompilerABI.c.o
/usr/bin/cc    -o CMakeFiles/cmTryCompileExec2813080977.dir/CMakeCCompilerABI.c.o   -c /usr/share/cmake-2.8/Modules/CMakeCCompilerABI.c
Linking C executable cmTryCompileExec2813080977
/usr/bin/cmake -E cmake_link_script CMakeFiles/cmTryCompileExec2813080977.dir/link.txt --verbose=1
/usr/bin/cc     -v CMakeFiles/cmTryCompileExec2813080977.dir/CMakeCCompilerABI.c.o  -o cmTryCompileExec2813080977 -rdynamic  
Using built-in specs.
COLLECT_GCC=/usr/bin/cc
COLLECT_LTO_WRAPPER=/usr/lib/gcc/x86_64-linux-gnu/4.8/lto-wrapper
Target: x86_64-linux-gnu
Configured with: ../src/configure -v --with-pkgversion='Ubuntu 4.8.2-19ubuntu1' --with-bugurl=file:///usr/share/doc/gcc-4.8/README.Bugs --enable-languages=c,c++,java,go,d,fortran,objc,obj-c++ --prefix=/usr --program-suffix=-4.8 --enable-shared --enable-linker-build-id --libexecdir=/usr/lib --without-included-gettext --enable-threads=posix --with-gxx-include-dir=/usr/include/c++/4.8 --libdir=/usr/lib --enable-nls --with-sysroot=/ --enable-clocale=gnu --enable-libstdcxx-debug --enable-libstdcxx-time=yes --enable-gnu-unique-object --disable-libmudflap --enable-plugin --with-system-zlib --disable-browser-plugin --enable-java-awt=gtk --enable-gtk-cairo --with-java-home=/usr/lib/jvm/java-1.5.0-gcj-4.8-amd64/jre --enable-java-home --with-jvm-root-dir=/usr/lib/jvm/java-1.5.0-gcj-4.8-amd64 --with-jvm-jar-dir=/usr/lib/jvm-exports/java-1.5.0-gcj-4.8-amd64 --with-arch-directory=amd64 --with-ecj-jar=/usr/share/java/eclipse-ecj.jar --enable-objc-gc --enable-multiarch --disable-werror --with-arch-32=i686 --with-abi=m64 --with-multilib-list=m32,m64,mx32 --with-tune=generic --enable-checking=release --build=x86_64-linux-gnu --host=x86_64-linux-gnu --target=x86_64-linux-gnu
Thread model: posix
gcc version 4.8.2 (Ubuntu 4.8.2-19ubuntu1) 
COMPILER_PATH=/usr/lib/gcc/x86_64-linux-gnu/4.8/:/usr/lib/gcc/x86_64-linux-gnu/4.8/:/usr/lib/gcc/x86_64-linux-gnu/:/usr/lib/gcc/x86_64-linux-gnu/4.8/:/usr/lib/gcc/x86_64-linux-gnu/
LIBRARY_PATH=/usr/lib/gcc/x86_64-linux-gnu/4.8/:/usr/lib/gcc/x86_64-linux-gnu/4.8/../../../x86_64-linux-gnu/:/usr/lib/gcc/x86_64-linux-gnu/4.8/../../../../lib/:/lib/x86_64-linux-gnu/:/lib/../lib/:/usr/lib/x86_64-linux-gnu/:/usr/lib/../lib/:/usr/lib/gcc/x86_64-linux-gnu/4.8/../../../:/lib/:/usr/lib/
COLLECT_GCC_OPTIONS='-v' '-o' 'cmTryCompileExec2813080977' '-rdynamic' '-mtune=generic' '-march=x86-64'
 /usr/lib/gcc/x86_64-linux-gnu/4.8/collect2 --sysroot=/ --build-id --eh-frame-hdr -m elf_x86_64 --hash-style=gnu --as-needed -export-dynamic -dynamic-linker /lib64/ld-linux-x86-64.so.2 -z relro -o cmTryCompileExec2813080977 /usr/lib/gcc/x86_64-linux-gnu/4.8/../../../x86_64-linux-gnu/crt1.o /usr/lib/gcc/x86_64-linux-gnu/4.8/../../../x86_64-linux-gnu/crti.o /usr/lib/gcc/x86_64-linux-gnu/4.8/crtbegin.o -L/usr/lib/gcc/x86_64-linux-gnu/4.8 -L/usr/lib/gcc/x86_64-linux-gnu/4.8/../../../x86_64-linux-gnu -L/usr/lib/gcc/x86_64-linux-gnu/4.8/../../../../lib -L/lib/x86_64-linux-gnu -L/lib/../lib -L/usr/lib/x86_64-linux-gnu -L/usr/lib/../lib -L/usr/lib/gcc/x86_64-linux-gnu/4.8/../../.. CMakeFiles/cmTryCompileExec2813080977.dir/CMakeCCompilerABI.c.o -lgcc --as-needed -lgcc_s --no-as-needed -lc -lgcc --as-needed -lgcc_s --no-as-needed /usr/lib/gcc/x86_64-linux-gnu/4.8/crtend.o /usr/lib/gcc/x86_64-linux-gnu/4.8/../../../x86_64-linux-gnu/crtn.o
make[1]: quittant le répertoire « /home/angecroft/Documents/physicEngine/Template-Imac3-MoteursPhysiques-PartyKel/build/CMakeFiles/CMakeTmp »


Parsed C implicit link information from above output:
  link line regex: [^( *|.*[/\])(ld|([^/\]+-)?ld|collect2)[^/\]*( |$)]
  ignore line: [Change Dir: /home/angecroft/Documents/physicEngine/Template-Imac3-MoteursPhysiques-PartyKel/build/CMakeFiles/CMakeTmp]
  ignore line: []
  ignore line: [Run Build Command:/usr/bin/make "cmTryCompileExec2813080977/fast"]
  ignore line: [/usr/bin/make -f CMakeFiles/cmTryCompileExec2813080977.dir/build.make CMakeFiles/cmTryCompileExec2813080977.dir/build]
  ignore line: [make[1]: entrant dans le répertoire « /home/angecroft/Documents/physicEngine/Template-Imac3-MoteursPhysiques-PartyKel/build/CMakeFiles/CMakeTmp »]
  ignore line: [/usr/bin/cmake -E cmake_progress_report /home/angecroft/Documents/physicEngine/Template-Imac3-MoteursPhysiques-PartyKel/build/CMakeFiles/CMakeTmp/CMakeFiles 1]
  ignore line: [Building C object CMakeFiles/cmTryCompileExec2813080977.dir/CMakeCCompilerABI.c.o]
  ignore line: [/usr/bin/cc    -o CMakeFiles/cmTryCompileExec2813080977.dir/CMakeCCompilerABI.c.o   -c /usr/share/cmake-2.8/Modules/CMakeCCompilerABI.c]
  ignore line: [Linking C executable cmTryCompileExec2813080977]
  ignore line: [/usr/bin/cmake -E cmake_link_script CMakeFiles/cmTryCompileExec2813080977.dir/link.txt --verbose=1]
  ignore line: [/usr/bin/cc     -v CMakeFiles/cmTryCompileExec2813080977.dir/CMakeCCompilerABI.c.o  -o cmTryCompileExec2813080977 -rdynamic  ]
  ignore line: [Using built-in specs.]
  ignore line: [COLLECT_GCC=/usr/bin/cc]
  ignore line: [COLLECT_LTO_WRAPPER=/usr/lib/gcc/x86_64-linux-gnu/4.8/lto-wrapper]
  ignore line: [Target: x86_64-linux-gnu]
  ignore line: [Configured with: ../src/configure -v --with-pkgversion='Ubuntu 4.8.2-19ubuntu1' --with-bugurl=file:///usr/share/doc/gcc-4.8/README.Bugs --enable-languages=c,c++,java,go,d,fortran,objc,obj-c++ --prefix=/usr --program-suffix=-4.8 --enable-shared --enable-linker-build-id --libexecdir=/usr/lib --without-included-gettext --enable-threads=posix --with-gxx-include-dir=/usr/include/c++/4.8 --libdir=/usr/lib --enable-nls --with-sysroot=/ --enable-clocale=gnu --enable-libstdcxx-debug --enable-libstdcxx-time=yes --enable-gnu-unique-object --disable-libmudflap --enable-plugin --with-system-zlib --disable-browser-plugin --enable-java-awt=gtk --enable-gtk-cairo --with-java-home=/usr/lib/jvm/java-1.5.0-gcj-4.8-amd64/jre --enable-java-home --with-jvm-root-dir=/usr/lib/jvm/java-1.5.0-gcj-4.8-amd64 --with-jvm-jar-dir=/usr/lib/jvm-exports/java-1.5.0-gcj-4.8-amd64 --with-arch-directory=amd64 --with-ecj-jar=/usr/share/java/eclipse-ecj.jar --enable-objc-gc --enable-multiarch --disable-werror --with-arch-32=i686 --with-abi=m64 --with-multilib-list=m32,m64,mx32 --with-tune=generic --enable-checking=release --build=x86_64-linux-gnu --host=x86_64-linux-gnu --target=x86_64-linux-gnu]
  ignore line: [Thread model: posix]
  ignore line: [gcc version 4.8.2 (Ubuntu 4.8.2-19ubuntu1) ]
  ignore line: [COMPILER_PATH=/usr/lib/gcc/x86_64-linux-gnu/4.8/:/usr/lib/gcc/x86_64-linux-gnu/4.8/:/usr/lib/gcc/x86_64-linux-gnu/:/usr/lib/gcc/x86_64-linux-gnu/4.8/:/usr/lib/gcc/x86_64-linux-gnu/]
  ignore line: [LIBRARY_PATH=/usr/lib/gcc/x86_64-linux-gnu/4.8/:/usr/lib/gcc/x86_64-linux-gnu/4.8/../../../x86_64-linux-gnu/:/usr/lib/gcc/x86_64-linux-gnu/4.8/../../../../lib/:/lib/x86_64-linux-gnu/:/lib/../lib/:/usr/lib/x86_64-linux-gnu/:/usr/lib/../lib/:/usr/lib/gcc/x86_64-linux-gnu/4.8/../../../:/lib/:/usr/lib/]
  ignore line: [COLLECT_GCC_OPTIONS='-v' '-o' 'cmTryCompileExec2813080977' '-rdynamic' '-mtune=generic' '-march=x86-64']
  link line: [ /usr/lib/gcc/x86_64-linux-gnu/4.8/collect2 --sysroot=/ --build-id --eh-frame-hdr -m elf_x86_64 --hash-style=gnu --as-needed -export-dynamic -dynamic-linker /lib64/ld-linux-x86-64.so.2 -z relro -o cmTryCompileExec2813080977 /usr/lib/gcc/x86_64-linux-gnu/4.8/../../../x86_64-linux-gnu/crt1.o /usr/lib/gcc/x86_64-linux-gnu/4.8/../../../x86_64-linux-gnu/crti.o /usr/lib/gcc/x86_64-linux-gnu/4.8/crtbegin.o -L/usr/lib/gcc/x86_64-linux-gnu/4.8 -L/usr/lib/gcc/x86_64-linux-gnu/4.8/../../../x86_64-linux-gnu -L/usr/lib/gcc/x86_64-linux-gnu/4.8/../../../../lib -L/lib/x86_64-linux-gnu -L/lib/../lib -L/usr/lib/x86_64-linux-gnu -L/usr/lib/../lib -L/usr/lib/gcc/x86_64-linux-gnu/4.8/../../.. CMakeFiles/cmTryCompileExec2813080977.dir/CMakeCCompilerABI.c.o -lgcc --as-needed -lgcc_s --no-as-needed -lc -lgcc --as-needed -lgcc_s --no-as-needed /usr/lib/gcc/x86_64-linux-gnu/4.8/crtend.o /usr/lib/gcc/x86_64-linux-gnu/4.8/../../../x86_64-linux-gnu/crtn.o]
    arg [/usr/lib/gcc/x86_64-linux-gnu/4.8/collect2] ==> ignore
    arg [--sysroot=/] ==> ignore
    arg [--build-id] ==> ignore
    arg [--eh-frame-hdr] ==> ignore
    arg [-m] ==> ignore
    arg [elf_x86_64] ==> ignore
    arg [--hash-style=gnu] ==> ignore
    arg [--as-needed] ==> ignore
    arg [-export-dynamic] ==> ignore
    arg [-dynamic-linker] ==> ignore
    arg [/lib64/ld-linux-x86-64.so.2] ==> ignore
    arg [-zrelro] ==> ignore
    arg [-o] ==> ignore
    arg [cmTryCompileExec2813080977] ==> ignore
    arg [/usr/lib/gcc/x86_64-linux-gnu/4.8/../../../x86_64-linux-gnu/crt1.o] ==> ignore
    arg [/usr/lib/gcc/x86_64-linux-gnu/4.8/../../../x86_64-linux-gnu/crti.o] ==> ignore
    arg [/usr/lib/gcc/x86_64-linux-gnu/4.8/crtbegin.o] ==> ignore
    arg [-L/usr/lib/gcc/x86_64-linux-gnu/4.8] ==> dir [/usr/lib/gcc/x86_64-linux-gnu/4.8]
    arg [-L/usr/lib/gcc/x86_64-linux-gnu/4.8/../../../x86_64-linux-gnu] ==> dir [/usr/lib/gcc/x86_64-linux-gnu/4.8/../../../x86_64-linux-gnu]
    arg [-L/usr/lib/gcc/x86_64-linux-gnu/4.8/../../../../lib] ==> dir [/usr/lib/gcc/x86_64-linux-gnu/4.8/../../../../lib]
    arg [-L/lib/x86_64-linux-gnu] ==> dir [/lib/x86_64-linux-gnu]
    arg [-L/lib/../lib] ==> dir [/lib/../lib]
    arg [-L/usr/lib/x86_64-linux-gnu] ==> dir [/usr/lib/x86_64-linux-gnu]
    arg [-L/usr/lib/../lib] ==> dir [/usr/lib/../lib]
    arg [-L/usr/lib/gcc/x86_64-linux-gnu/4.8/../../..] ==> dir [/usr/lib/gcc/x86_64-linux-gnu/4.8/../../..]
    arg [CMakeFiles/cmTryCompileExec2813080977.dir/CMakeCCompilerABI.c.o] ==> ignore
    arg [-lgcc] ==> lib [gcc]
    arg [--as-needed] ==> ignore
    arg [-lgcc_s] ==> lib [gcc_s]
    arg [--no-as-needed] ==> ignore
    arg [-lc] ==> lib [c]
    arg [-lgcc] ==> lib [gcc]
    arg [--as-needed] ==> ignore
    arg [-lgcc_s] ==> lib [gcc_s]
    arg [--no-as-needed] ==> ignore
    arg [/usr/lib/gcc/x86_64-linux-gnu/4.8/crtend.o] ==> ignore
    arg [/usr/lib/gcc/x86_64-linux-gnu/4.8/../../../x86_64-linux-gnu/crtn.o] ==> ignore
  remove lib [gcc]
  remove lib [gcc_s]
  remove lib [gcc]
  remove lib [gcc_s]
  collapse library dir [/usr/lib/gcc/x86_64-linux-gnu/4.8] ==> [/usr/lib/gcc/x86_64-linux-gnu/4.8]
  collapse library dir [/usr/lib/gcc/x86_64-linux-gnu/4.8/../../../x86_64-linux-gnu] ==> [/usr/lib/x86_64-linux-gnu]
  collapse library dir [/usr/lib/gcc/x86_64-linux-gnu/4.8/../../../../lib] ==> [/usr/lib]
  collapse library dir [/lib/x86_64-linux-gnu] ==> [/lib/x86_64-linux-gnu]
  collapse library dir [/lib/../lib] ==> [/lib]
  collapse library dir [/usr/lib/x86_64-linux-gnu] ==> [/usr/lib/x86_64-linux-gnu]
  collapse library dir [/usr/lib/../lib] ==> [/usr/lib]
  collapse library dir [/usr/lib/gcc/x86_64-linux-gnu/4.8/../../..] ==> [/usr/lib]
  implicit libs: [c]
  implicit dirs: [/usr/lib/gcc/x86_64-linux-gnu/4.8;/usr/lib/x86_64-linux-gnu;/usr/lib;/lib/x86_64-linux-gnu;/lib]
  implicit fwks: []


Determining if the CXX compiler works passed with the following output:
Change Dir: /home/angecroft/Documents/physicEngine/Template-Imac3-MoteursPhysiques-PartyKel/build/CMakeFiles/CMakeTmp

Run Build Command:/usr/bin/make "cmTryCompileExec1851360054/fast"
/usr/bin/make -f CMakeFiles/cmTryCompileExec1851360054.dir/build.make CMakeFiles/cmTryCompileExec1851360054.dir/build
make[1]: entrant dans le répertoire « /home/angecroft/Documents/physicEngine/Template-Imac3-MoteursPhysiques-PartyKel/build/CMakeFiles/CMakeTmp »
/usr/bin/cmake -E cmake_progress_report /home/angecroft/Documents/physicEngine/Template-Imac3-MoteursPhysiques-PartyKel/build/CMakeFiles/CMakeTmp/CMakeFiles 1
Building CXX object CMakeFiles/cmTryCompileExec1851360054.dir/testCXXCompiler.cxx.o
/usr/bin/c++     -o CMakeFiles/cmTryCompileExec1851360054.dir/testCXXCompiler.cxx.o -c /home/angecroft/Documents/physicEngine/Template-Imac3-MoteursPhysiques-PartyKel/build/CMakeFiles/CMakeTmp/testCXXCompiler.cxx
Linking CXX executable cmTryCompileExec1851360054
/usr/bin/cmake -E cmake_link_script CMakeFiles/cmTryCompileExec1851360054.dir/link.txt --verbose=1
/usr/bin/c++        CMakeFiles/cmTryCompileExec1851360054.dir/testCXXCompiler.cxx.o  -o cmTryCompileExec1851360054 -rdynamic 
make[1]: quittant le répertoire « /home/angecroft/Documents/physicEngine/Template-Imac3-MoteursPhysiques-PartyKel/build/CMakeFiles/CMakeTmp »


Detecting CXX compiler ABI info compiled with the following output:
Change Dir: /home/angecroft/Documents/physicEngine/Template-Imac3-MoteursPhysiques-PartyKel/build/CMakeFiles/CMakeTmp

Run Build Command:/usr/bin/make "cmTryCompileExec2640925985/fast"
/usr/bin/make -f CMakeFiles/cmTryCompileExec2640925985.dir/build.make CMakeFiles/cmTryCompileExec2640925985.dir/build
make[1]: entrant dans le répertoire « /home/angecroft/Documents/physicEngine/Template-Imac3-MoteursPhysiques-PartyKel/build/CMakeFiles/CMakeTmp »
/usr/bin/cmake -E cmake_progress_report /home/angecroft/Documents/physicEngine/Template-Imac3-MoteursPhysiques-PartyKel/build/CMakeFiles/CMakeTmp/CMakeFiles 1
Building CXX object CMakeFiles/cmTryCompileExec2640925985.dir/CMakeCXXCompilerABI.cpp.o
/usr/bin/c++     -o CMakeFiles/cmTryCompileExec2640925985.dir/CMakeCXXCompilerABI.cpp.o -c /usr/share/cmake-2.8/Modules/CMakeCXXCompilerABI.cpp
Linking CXX executable cmTryCompileExec2640925985
/usr/bin/cmake -E cmake_link_script CMakeFiles/cmTryCompileExec2640925985.dir/link.txt --verbose=1
/usr/bin/c++      -v CMakeFiles/cmTryCompileExec2640925985.dir/CMakeCXXCompilerABI.cpp.o  -o cmTryCompileExec2640925985 -rdynamic  
Using built-in specs.
COLLECT_GCC=/usr/bin/c++
COLLECT_LTO_WRAPPER=/usr/lib/gcc/x86_64-linux-gnu/4.8/lto-wrapper
Target: x86_64-linux-gnu
Configured with: ../src/configure -v --with-pkgversion='Ubuntu 4.8.2-19ubuntu1' --with-bugurl=file:///usr/share/doc/gcc-4.8/README.Bugs --enable-languages=c,c++,java,go,d,fortran,objc,obj-c++ --prefix=/usr --program-suffix=-4.8 --enable-shared --enable-linker-build-id --libexecdir=/usr/lib --without-included-gettext --enable-threads=posix --with-gxx-include-dir=/usr/include/c++/4.8 --libdir=/usr/lib --enable-nls --with-sysroot=/ --enable-clocale=gnu --enable-libstdcxx-debug --enable-libstdcxx-time=yes --enable-gnu-unique-object --disable-libmudflap --enable-plugin --with-system-zlib --disable-browser-plugin --enable-java-awt=gtk --enable-gtk-cairo --with-java-home=/usr/lib/jvm/java-1.5.0-gcj-4.8-amd64/jre --enable-java-home --with-jvm-root-dir=/usr/lib/jvm/java-1.5.0-gcj-4.8-amd64 --with-jvm-jar-dir=/usr/lib/jvm-exports/java-1.5.0-gcj-4.8-amd64 --with-arch-directory=amd64 --with-ecj-jar=/usr/share/java/eclipse-ecj.jar --enable-objc-gc --enable-multiarch --disable-werror --with-arch-32=i686 --with-abi=m64 --with-multilib-list=m32,m64,mx32 --with-tune=generic --enable-checking=release --build=x86_64-linux-gnu --host=x86_64-linux-gnu --target=x86_64-linux-gnu
Thread model: posix
gcc version 4.8.2 (Ubuntu 4.8.2-19ubuntu1) 
COMPILER_PATH=/usr/lib/gcc/x86_64-linux-gnu/4.8/:/usr/lib/gcc/x86_64-linux-gnu/4.8/:/usr/lib/gcc/x86_64-linux-gnu/:/usr/lib/gcc/x86_64-linux-gnu/4.8/:/usr/lib/gcc/x86_64-linux-gnu/
LIBRARY_PATH=/usr/lib/gcc/x86_64-linux-gnu/4.8/:/usr/lib/gcc/x86_64-linux-gnu/4.8/../../../x86_64-linux-gnu/:/usr/lib/gcc/x86_64-linux-gnu/4.8/../../../../lib/:/lib/x86_64-linux-gnu/:/lib/../lib/:/usr/lib/x86_64-linux-gnu/:/usr/lib/../lib/:/usr/lib/gcc/x86_64-linux-gnu/4.8/../../../:/lib/:/usr/lib/
COLLECT_GCC_OPTIONS='-v' '-o' 'cmTryCompileExec2640925985' '-rdynamic' '-shared-libgcc' '-mtune=generic' '-march=x86-64'
 /usr/lib/gcc/x86_64-linux-gnu/4.8/collect2 --sysroot=/ --build-id --eh-frame-hdr -m elf_x86_64 --hash-style=gnu --as-needed -export-dynamic -dynamic-linker /lib64/ld-linux-x86-64.so.2 -z relro -o cmTryCompileExec2640925985 /usr/lib/gcc/x86_64-linux-gnu/4.8/../../../x86_64-linux-gnu/crt1.o /usr/lib/gcc/x86_64-linux-gnu/4.8/../../../x86_64-linux-gnu/crti.o /usr/lib/gcc/x86_64-linux-gnu/4.8/crtbegin.o -L/usr/lib/gcc/x86_64-linux-gnu/4.8 -L/usr/lib/gcc/x86_64-linux-gnu/4.8/../../../x86_64-linux-gnu -L/usr/lib/gcc/x86_64-linux-gnu/4.8/../../../../lib -L/lib/x86_64-linux-gnu -L/lib/../lib -L/usr/lib/x86_64-linux-gnu -L/usr/lib/../lib -L/usr/lib/gcc/x86_64-linux-gnu/4.8/../../.. CMakeFiles/cmTryCompileExec2640925985.dir/CMakeCXXCompilerABI.cpp.o -lstdc++ -lm -lgcc_s -lgcc -lc -lgcc_s -lgcc /usr/lib/gcc/x86_64-linux-gnu/4.8/crtend.o /usr/lib/gcc/x86_64-linux-gnu/4.8/../../../x86_64-linux-gnu/crtn.o
make[1]: quittant le répertoire « /home/angecroft/Documents/physicEngine/Template-Imac3-MoteursPhysiques-PartyKel/build/CMakeFiles/CMakeTmp »


Parsed CXX implicit link information from above output:
  link line regex: [^( *|.*[/\])(ld|([^/\]+-)?ld|collect2)[^/\]*( |$)]
  ignore line: [Change Dir: /home/angecroft/Documents/physicEngine/Template-Imac3-MoteursPhysiques-PartyKel/build/CMakeFiles/CMakeTmp]
  ignore line: []
  ignore line: [Run Build Command:/usr/bin/make "cmTryCompileExec2640925985/fast"]
  ignore line: [/usr/bin/make -f CMakeFiles/cmTryCompileExec2640925985.dir/build.make CMakeFiles/cmTryCompileExec2640925985.dir/build]
  ignore line: [make[1]: entrant dans le répertoire « /home/angecroft/Documents/physicEngine/Template-Imac3-MoteursPhysiques-PartyKel/build/CMakeFiles/CMakeTmp »]
  ignore line: [/usr/bin/cmake -E cmake_progress_report /home/angecroft/Documents/physicEngine/Template-Imac3-MoteursPhysiques-PartyKel/build/CMakeFiles/CMakeTmp/CMakeFiles 1]
  ignore line: [Building CXX object CMakeFiles/cmTryCompileExec2640925985.dir/CMakeCXXCompilerABI.cpp.o]
  ignore line: [/usr/bin/c++     -o CMakeFiles/cmTryCompileExec2640925985.dir/CMakeCXXCompilerABI.cpp.o -c /usr/share/cmake-2.8/Modules/CMakeCXXCompilerABI.cpp]
  ignore line: [Linking CXX executable cmTryCompileExec2640925985]
  ignore line: [/usr/bin/cmake -E cmake_link_script CMakeFiles/cmTryCompileExec2640925985.dir/link.txt --verbose=1]
  ignore line: [/usr/bin/c++      -v CMakeFiles/cmTryCompileExec2640925985.dir/CMakeCXXCompilerABI.cpp.o  -o cmTryCompileExec2640925985 -rdynamic  ]
  ignore line: [Using built-in specs.]
  ignore line: [COLLECT_GCC=/usr/bin/c++]
  ignore line: [COLLECT_LTO_WRAPPER=/usr/lib/gcc/x86_64-linux-gnu/4.8/lto-wrapper]
  ignore line: [Target: x86_64-linux-gnu]
  ignore line: [Configured with: ../src/configure -v --with-pkgversion='Ubuntu 4.8.2-19ubuntu1' --with-bugurl=file:///usr/share/doc/gcc-4.8/README.Bugs --enable-languages=c,c++,java,go,d,fortran,objc,obj-c++ --prefix=/usr --program-suffix=-4.8 --enable-shared --enable-linker-build-id --libexecdir=/usr/lib --without-included-gettext --enable-threads=posix --with-gxx-include-dir=/usr/include/c++/4.8 --libdir=/usr/lib --enable-nls --with-sysroot=/ --enable-clocale=gnu --enable-libstdcxx-debug --enable-libstdcxx-time=yes --enable-gnu-unique-object --disable-libmudflap --enable-plugin --with-system-zlib --disable-browser-plugin --enable-java-awt=gtk --enable-gtk-cairo --with-java-home=/usr/lib/jvm/java-1.5.0-gcj-4.8-amd64/jre --enable-java-home --with-jvm-root-dir=/usr/lib/jvm/java-1.5.0-gcj-4.8-amd64 --with-jvm-jar-dir=/usr/lib/jvm-exports/java-1.5.0-gcj-4.8-amd64 --with-arch-directory=amd64 --with-ecj-jar=/usr/share/java/eclipse-ecj.jar --enable-objc-gc --enable-multiarch --disable-werror --with-arch-32=i686 --with-abi=m64 --with-multilib-list=m32,m64,mx32 --with-tune=generic --enable-checking=release --build=x86_64-linux-gnu --host=x86_64-linux-gnu --target=x86_64-linux-gnu]
  ignore line: [Thread model: posix]
  ignore line: [gcc version 4.8.2 (Ubuntu 4.8.2-19ubuntu1) ]
  ignore line: [COMPILER_PATH=/usr/lib/gcc/x86_64-linux-gnu/4.8/:/usr/lib/gcc/x86_64-linux-gnu/4.8/:/usr/lib/gcc/x86_64-linux-gnu/:/usr/lib/gcc/x86_64-linux-gnu/4.8/:/usr/lib/gcc/x86_64-linux-gnu/]
  ignore line: [LIBRARY_PATH=/usr/lib/gcc/x86_64-linux-gnu/4.8/:/usr/lib/gcc/x86_64-linux-gnu/4.8/../../../x86_64-linux-gnu/:/usr/lib/gcc/x86_64-linux-gnu/4.8/../../../../lib/:/lib/x86_64-linux-gnu/:/lib/../lib/:/usr/lib/x86_64-linux-gnu/:/usr/lib/../lib/:/usr/lib/gcc/x86_64-linux-gnu/4.8/../../../:/lib/:/usr/lib/]
  ignore line: [COLLECT_GCC_OPTIONS='-v' '-o' 'cmTryCompileExec2640925985' '-rdynamic' '-shared-libgcc' '-mtune=generic' '-march=x86-64']
  link line: [ /usr/lib/gcc/x86_64-linux-gnu/4.8/collect2 --sysroot=/ --build-id --eh-frame-hdr -m elf_x86_64 --hash-style=gnu --as-needed -export-dynamic -dynamic-linker /lib64/ld-linux-x86-64.so.2 -z relro -o cmTryCompileExec2640925985 /usr/lib/gcc/x86_64-linux-gnu/4.8/../../../x86_64-linux-gnu/crt1.o /usr/lib/gcc/x86_64-linux-gnu/4.8/../../../x86_64-linux-gnu/crti.o /usr/lib/gcc/x86_64-linux-gnu/4.8/crtbegin.o -L/usr/lib/gcc/x86_64-linux-gnu/4.8 -L/usr/lib/gcc/x86_64-linux-gnu/4.8/../../../x86_64-linux-gnu -L/usr/lib/gcc/x86_64-linux-gnu/4.8/../../../../lib -L/lib/x86_64-linux-gnu -L/lib/../lib -L/usr/lib/x86_64-linux-gnu -L/usr/lib/../lib -L/usr/lib/gcc/x86_64-linux-gnu/4.8/../../.. CMakeFiles/cmTryCompileExec2640925985.dir/CMakeCXXCompilerABI.cpp.o -lstdc++ -lm -lgcc_s -lgcc -lc -lgcc_s -lgcc /usr/lib/gcc/x86_64-linux-gnu/4.8/crtend.o /usr/lib/gcc/x86_64-linux-gnu/4.8/../../../x86_64-linux-gnu/crtn.o]
    arg [/usr/lib/gcc/x86_64-linux-gnu/4.8/collect2] ==> ignore
    arg [--sysroot=/] ==> ignore
    arg [--build-id] ==> ignore
    arg [--eh-frame-hdr] ==> ignore
    arg [-m] ==> ignore
    arg [elf_x86_64] ==> ignore
    arg [--hash-style=gnu] ==> ignore
    arg [--as-needed] ==> ignore
    arg [-export-dynamic] ==> ignore
    arg [-dynamic-linker] ==> ignore
    arg [/lib64/ld-linux-x86-64.so.2] ==> ignore
    arg [-zrelro] ==> ignore
    arg [-o] ==> ignore
    arg [cmTryCompileExec2640925985] ==> ignore
    arg [/usr/lib/gcc/x86_64-linux-gnu/4.8/../../../x86_64-linux-gnu/crt1.o] ==> ignore
    arg [/usr/lib/gcc/x86_64-linux-gnu/4.8/../../../x86_64-linux-gnu/crti.o] ==> ignore
    arg [/usr/lib/gcc/x86_64-linux-gnu/4.8/crtbegin.o] ==> ignore
    arg [-L/usr/lib/gcc/x86_64-linux-gnu/4.8] ==> dir [/usr/lib/gcc/x86_64-linux-gnu/4.8]
    arg [-L/usr/lib/gcc/x86_64-linux-gnu/4.8/../../../x86_64-linux-gnu] ==> dir [/usr/lib/gcc/x86_64-linux-gnu/4.8/../../../x86_64-linux-gnu]
    arg [-L/usr/lib/gcc/x86_64-linux-gnu/4.8/../../../../lib] ==> dir [/usr/lib/gcc/x86_64-linux-gnu/4.8/../../../../lib]
    arg [-L/lib/x86_64-linux-gnu] ==> dir [/lib/x86_64-linux-gnu]
    arg [-L/lib/../lib] ==> dir [/lib/../lib]
    arg [-L/usr/lib/x86_64-linux-gnu] ==> dir [/usr/lib/x86_64-linux-gnu]
    arg [-L/usr/lib/../lib] ==> dir [/usr/lib/../lib]
    arg [-L/usr/lib/gcc/x86_64-linux-gnu/4.8/../../..] ==> dir [/usr/lib/gcc/x86_64-linux-gnu/4.8/../../..]
    arg [CMakeFiles/cmTryCompileExec2640925985.dir/CMakeCXXCompilerABI.cpp.o] ==> ignore
    arg [-lstdc++] ==> lib [stdc++]
    arg [-lm] ==> lib [m]
    arg [-lgcc_s] ==> lib [gcc_s]
    arg [-lgcc] ==> lib [gcc]
    arg [-lc] ==> lib [c]
    arg [-lgcc_s] ==> lib [gcc_s]
    arg [-lgcc] ==> lib [gcc]
    arg [/usr/lib/gcc/x86_64-linux-gnu/4.8/crtend.o] ==> ignore
    arg [/usr/lib/gcc/x86_64-linux-gnu/4.8/../../../x86_64-linux-gnu/crtn.o] ==> ignore
  remove lib [gcc_s]
  remove lib [gcc]
  remove lib [gcc_s]
  remove lib [gcc]
  collapse library dir [/usr/lib/gcc/x86_64-linux-gnu/4.8] ==> [/usr/lib/gcc/x86_64-linux-gnu/4.8]
  collapse library dir [/usr/lib/gcc/x86_64-linux-gnu/4.8/../../../x86_64-linux-gnu] ==> [/usr/lib/x86_64-linux-gnu]
  collapse library dir [/usr/lib/gcc/x86_64-linux-gnu/4.8/../../../../lib] ==> [/usr/lib]
  collapse library dir [/lib/x86_64-linux-gnu] ==> [/lib/x86_64-linux-gnu]
  collapse library dir [/lib/../lib] ==> [/lib]
  collapse library dir [/usr/lib/x86_64-linux-gnu] ==> [/usr/lib/x86_64-linux-gnu]
  collapse library dir [/usr/lib/../lib] ==> [/usr/lib]
  collapse library dir [/usr/lib/gcc/x86_64-linux-gnu/4.8/../../..] ==> [/usr/lib]
  implicit libs: [stdc++;m;c]
  implicit dirs: [/usr/lib/gcc/x86_64-linux-gnu/4.8;/usr/lib/x86_64-linux-gnu;/usr/lib;/lib/x86_64-linux-gnu;/lib]
  implicit fwks: []


Determining if files pthread.h exist passed with the following output:
Change Dir: /home/angecroft/Documents/physicEngine/Template-Imac3-MoteursPhysiques-PartyKel/build/CMakeFiles/CMakeTmp

Run Build Command:/usr/bin/make "cmTryCompileExec2946432555/fast"
/usr/bin/make -f CMakeFiles/cmTryCompileExec2946432555.dir/build.make CMakeFiles/cmTryCompileExec2946432555.dir/build
make[1]: entrant dans le répertoire « /home/angecroft/Documents/physicEngine/Template-Imac3-MoteursPhysiques-PartyKel/build/CMakeFiles/CMakeTmp »
/usr/bin/cmake -E cmake_progress_report /home/angecroft/Documents/physicEngine/Template-Imac3-MoteursPhysiques-PartyKel/build/CMakeFiles/CMakeTmp/CMakeFiles 1
Building C object CMakeFiles/cmTryCompileExec2946432555.dir/CheckIncludeFiles.c.o
/usr/bin/cc    -o CMakeFiles/cmTryCompileExec2946432555.dir/CheckIncludeFiles.c.o   -c /home/angecroft/Documents/physicEngine/Template-Imac3-MoteursPhysiques-PartyKel/build/CMakeFiles/CMakeTmp/CheckIncludeFiles.c
Linking C executable cmTryCompileExec2946432555
/usr/bin/cmake -E cmake_link_script CMakeFiles/cmTryCompileExec2946432555.dir/link.txt --verbose=1
/usr/bin/cc       CMakeFiles/cmTryCompileExec2946432555.dir/CheckIncludeFiles.c.o  -o cmTryCompileExec2946432555 -rdynamic 
make[1]: quittant le répertoire « /home/angecroft/Documents/physicEngine/Template-Imac3-MoteursPhysiques-PartyKel/build/CMakeFiles/CMakeTmp »


Determining if the function pthread_create exists in the pthread passed with the following output:
Change Dir: /home/angecroft/Documents/physicEngine/Template-Imac3-MoteursPhysiques-PartyKel/build/CMakeFiles/CMakeTmp

Run Build Command:/usr/bin/make "cmTryCompileExec195823928/fast"
/usr/bin/make -f CMakeFiles/cmTryCompileExec195823928.dir/build.make CMakeFiles/cmTryCompileExec195823928.dir/build
make[1]: entrant dans le répertoire « /home/angecroft/Documents/physicEngine/Template-Imac3-MoteursPhysiques-PartyKel/build/CMakeFiles/CMakeTmp »
/usr/bin/cmake -E cmake_progress_report /home/angecroft/Documents/physicEngine/Template-Imac3-MoteursPhysiques-PartyKel/build/CMakeFiles/CMakeTmp/CMakeFiles 1
Building C object CMakeFiles/cmTryCompileExec195823928.dir/CheckFunctionExists.c.o
/usr/bin/cc   -DCHECK_FUNCTION_EXISTS=pthread_create   -o CMakeFiles/cmTryCompileExec195823928.dir/CheckFunctionExists.c.o   -c /usr/share/cmake-2.8/Modules/CheckFunctionExists.c
Linking C executable cmTryCompileExec195823928
/usr/bin/cmake -E cmake_link_script CMakeFiles/cmTryCompileExec195823928.dir/link.txt --verbose=1
/usr/bin/cc   -DCHECK_FUNCTION_EXISTS=pthread_create    CMakeFiles/cmTryCompileExec195823928.dir/CheckFunctionExists.c.o  -o cmTryCompileExec195823928 -rdynamic -lpthread 
make[1]: quittant le répertoire « /home/angecroft/Documents/physicEngine/Template-Imac3-MoteursPhysiques-PartyKel/build/CMakeFiles/CMakeTmp »


Determining if the function XOpenDisplay exists in the /usr/lib/x86_64-linux-gnu/libX11.so;/usr/lib/x86_64-linux-gnu/libXext.so passed with the following output:
Change Dir: /home/angecroft/Documents/physicEngine/Template-Imac3-MoteursPhysiques-PartyKel/build/CMakeFiles/CMakeTmp

Run Build Command:/usr/bin/make "cmTryCompileExec2788476011/fast"
/usr/bin/make -f CMakeFiles/cmTryCompileExec2788476011.dir/build.make CMakeFiles/cmTryCompileExec2788476011.dir/build
make[1]: entrant dans le répertoire « /home/angecroft/Documents/physicEngine/Template-Imac3-MoteursPhysiques-PartyKel/build/CMakeFiles/CMakeTmp »
/usr/bin/cmake -E cmake_progress_report /home/angecroft/Documents/physicEngine/Template-Imac3-MoteursPhysiques-PartyKel/build/CMakeFiles/CMakeTmp/CMakeFiles 1
Building C object CMakeFiles/cmTryCompileExec2788476011.dir/CheckFunctionExists.c.o
/usr/bin/cc   -DCHECK_FUNCTION_EXISTS=XOpenDisplay   -o CMakeFiles/cmTryCompileExec2788476011.dir/CheckFunctionExists.c.o   -c /usr/share/cmake-2.8/Modules/CheckFunctionExists.c
Linking C executable cmTryCompileExec2788476011
/usr/bin/cmake -E cmake_link_script CMakeFiles/cmTryCompileExec2788476011.dir/link.txt --verbose=1
/usr/bin/cc   -DCHECK_FUNCTION_EXISTS=XOpenDisplay    CMakeFiles/cmTryCompileExec2788476011.dir/CheckFunctionExists.c.o  -o cmTryCompileExec2788476011 -rdynamic -lX11 -lXext 
make[1]: quittant le répertoire « /home/angecroft/Documents/physicEngine/Template-Imac3-MoteursPhysiques-PartyKel/build/CMakeFiles/CMakeTmp »


Determining if the function gethostbyname exists passed with the following output:
Change Dir: /home/angecroft/Documents/physicEngine/Template-Imac3-MoteursPhysiques-PartyKel/build/CMakeFiles/CMakeTmp

Run Build Command:/usr/bin/make "cmTryCompileExec1195701932/fast"
/usr/bin/make -f CMakeFiles/cmTryCompileExec1195701932.dir/build.make CMakeFiles/cmTryCompileExec1195701932.dir/build
make[1]: entrant dans le répertoire « /home/angecroft/Documents/physicEngine/Template-Imac3-MoteursPhysiques-PartyKel/build/CMakeFiles/CMakeTmp »
/usr/bin/cmake -E cmake_progress_report /home/angecroft/Documents/physicEngine/Template-Imac3-MoteursPhysiques-PartyKel/build/CMakeFiles/CMakeTmp/CMakeFiles 1
Building C object CMakeFiles/cmTryCompileExec1195701932.dir/CheckFunctionExists.c.o
/usr/bin/cc   -DCHECK_FUNCTION_EXISTS=gethostbyname   -o CMakeFiles/cmTryCompileExec1195701932.dir/CheckFunctionExists.c.o   -c /usr/share/cmake-2.8/Modules/CheckFunctionExists.c
Linking C executable cmTryCompileExec1195701932
/usr/bin/cmake -E cmake_link_script CMakeFiles/cmTryCompileExec1195701932.dir/link.txt --verbose=1
/usr/bin/cc   -DCHECK_FUNCTION_EXISTS=gethostbyname    CMakeFiles/cmTryCompileExec1195701932.dir/CheckFunctionExists.c.o  -o cmTryCompileExec1195701932 -rdynamic 
make[1]: quittant le répertoire « /home/angecroft/Documents/physicEngine/Template-Imac3-MoteursPhysiques-PartyKel/build/CMakeFiles/CMakeTmp »


Determining if the function connect exists passed with the following output:
Change Dir: /home/angecroft/Documents/physicEngine/Template-Imac3-MoteursPhysiques-PartyKel/build/CMakeFiles/CMakeTmp

Run Build Command:/usr/bin/make "cmTryCompileExec4260906405/fast"
/usr/bin/make -f CMakeFiles/cmTryCompileExec4260906405.dir/build.make CMakeFiles/cmTryCompileExec4260906405.dir/build
make[1]: entrant dans le répertoire « /home/angecroft/Documents/physicEngine/Template-Imac3-MoteursPhysiques-PartyKel/build/CMakeFiles/CMakeTmp »
/usr/bin/cmake -E cmake_progress_report /home/angecroft/Documents/physicEngine/Template-Imac3-MoteursPhysiques-PartyKel/build/CMakeFiles/CMakeTmp/CMakeFiles 1
Building C object CMakeFiles/cmTryCompileExec4260906405.dir/CheckFunctionExists.c.o
/usr/bin/cc   -DCHECK_FUNCTION_EXISTS=connect   -o CMakeFiles/cmTryCompileExec4260906405.dir/CheckFunctionExists.c.o   -c /usr/share/cmake-2.8/Modules/CheckFunctionExists.c
Linking C executable cmTryCompileExec4260906405
/usr/bin/cmake -E cmake_link_script CMakeFiles/cmTryCompileExec4260906405.dir/link.txt --verbose=1
/usr/bin/cc   -DCHECK_FUNCTION_EXISTS=connect    CMakeFiles/cmTryCompileExec4260906405.dir/CheckFunctionExists.c.o  -o cmTryCompileExec4260906405 -rdynamic 
make[1]: quittant le répertoire « /home/angecroft/Documents/physicEngine/Template-Imac3-MoteursPhysiques-PartyKel/build/CMakeFiles/CMakeTmp »


Determining if the function remove exists passed with the following output:
Change Dir: /home/angecroft/Documents/physicEngine/Template-Imac3-MoteursPhysiques-PartyKel/build/CMakeFiles/CMakeTmp

Run Build Command:/usr/bin/make "cmTryCompileExec2835562554/fast"
/usr/bin/make -f CMakeFiles/cmTryCompileExec2835562554.dir/build.make CMakeFiles/cmTryCompileExec2835562554.dir/build
make[1]: entrant dans le répertoire « /home/angecroft/Documents/physicEngine/Template-Imac3-MoteursPhysiques-PartyKel/build/CMakeFiles/CMakeTmp »
/usr/bin/cmake -E cmake_progress_report /home/angecroft/Documents/physicEngine/Template-Imac3-MoteursPhysiques-PartyKel/build/CMakeFiles/CMakeTmp/CMakeFiles 1
Building C object CMakeFiles/cmTryCompileExec2835562554.dir/CheckFunctionExists.c.o
/usr/bin/cc   -DCHECK_FUNCTION_EXISTS=remove   -o CMakeFiles/cmTryCompileExec2835562554.dir/CheckFunctionExists.c.o   -c /usr/share/cmake-2.8/Modules/CheckFunctionExists.c
Linking C executable cmTryCompileExec2835562554
/usr/bin/cmake -E cmake_link_script CMakeFiles/cmTryCompileExec2835562554.dir/link.txt --verbose=1
/usr/bin/cc   -DCHECK_FUNCTION_EXISTS=remove    CMakeFiles/cmTryCompileExec2835562554.dir/CheckFunctionExists.c.o  -o cmTryCompileExec2835562554 -rdynamic 
make[1]: quittant le répertoire « /home/angecroft/Documents/physicEngine/Template-Imac3-MoteursPhysiques-PartyKel/build/CMakeFiles/CMakeTmp »


Determining if the function shmat exists passed with the following output:
Change Dir: /home/angecroft/Documents/physicEngine/Template-Imac3-MoteursPhysiques-PartyKel/build/CMakeFiles/CMakeTmp

Run Build Command:/usr/bin/make "cmTryCompileExec1595145410/fast"
/usr/bin/make -f CMakeFiles/cmTryCompileExec1595145410.dir/build.make CMakeFiles/cmTryCompileExec1595145410.dir/build
make[1]: entrant dans le répertoire « /home/angecroft/Documents/physicEngine/Template-Imac3-MoteursPhysiques-PartyKel/build/CMakeFiles/CMakeTmp »
/usr/bin/cmake -E cmake_progress_report /home/angecroft/Documents/physicEngine/Template-Imac3-MoteursPhysiques-PartyKel/build/CMakeFiles/CMakeTmp/CMakeFiles 1
Building C object CMakeFiles/cmTryCompileExec1595145410.dir/CheckFunctionExists.c.o
/usr/bin/cc   -DCHECK_FUNCTION_EXISTS=shmat   -o CMakeFiles/cmTryCompileExec1595145410.dir/CheckFunctionExists.c.o   -c /usr/share/cmake-2.8/Modules/CheckFunctionExists.c
Linking C executable cmTryCompileExec1595145410
/usr/bin/cmake -E cmake_link_script CMakeFiles/cmTryCompileExec1595145410.dir/link.txt --verbose=1
/usr/bin/cc   -DCHECK_FUNCTION_EXISTS=shmat    CMakeFiles/cmTryCompileExec1595145410.dir/CheckFunctionExists.c.o  -o cmTryCompileExec1595145410 -rdynamic 
make[1]: quittant le répertoire « /home/angecroft/Documents/physicEngine/Template-Imac3-MoteursPhysiques-PartyKel/build/CMakeFiles/CMakeTmp »


Determining if the function IceConnectionNumber exists in the ICE passed with the following output:
Change Dir: /home/angecroft/Documents/physicEngine/Template-Imac3-MoteursPhysiques-PartyKel/build/CMakeFiles/CMakeTmp

Run Build Command:/usr/bin/make "cmTryCompileExec13246105/fast"
/usr/bin/make -f CMakeFiles/cmTryCompileExec13246105.dir/build.make CMakeFiles/cmTryCompileExec13246105.dir/build
make[1]: entrant dans le répertoire « /home/angecroft/Documents/physicEngine/Template-Imac3-MoteursPhysiques-PartyKel/build/CMakeFiles/CMakeTmp »
/usr/bin/cmake -E cmake_progress_report /home/angecroft/Documents/physicEngine/Template-Imac3-MoteursPhysiques-PartyKel/build/CMakeFiles/CMakeTmp/CMakeFiles 1
Building C object CMakeFiles/cmTryCompileExec13246105.dir/CheckFunctionExists.c.o
/usr/bin/cc   -DCHECK_FUNCTION_EXISTS=IceConnectionNumber   -o CMakeFiles/cmTryCompileExec13246105.dir/CheckFunctionExists.c.o   -c /usr/share/cmake-2.8/Modules/CheckFunctionExists.c
Linking C executable cmTryCompileExec13246105
/usr/bin/cmake -E cmake_link_script CMakeFiles/cmTryCompileExec13246105.dir/link.txt --verbose=1
/usr/bin/cc   -DCHECK_FUNCTION_EXISTS=IceConnectionNumber    CMakeFiles/cmTryCompileExec13246105.dir/CheckFunctionExists.c.o  -o cmTryCompileExec13246105 -rdynamic -lICE 
make[1]: quittant le répertoire « /home/angecroft/Documents/physicEngine/Template-Imac3-MoteursPhysiques-PartyKel/build/CMakeFiles/CMakeTmp »


Determining if files pthread.h exist passed with the following output:
Change Dir: /home/angecroft/Documents/physicEngine/Template-Imac3-MoteursPhysiques-PartyKel/build/CMakeFiles/CMakeTmp

Run Build Command:/usr/bin/make "cmTryCompileExec4036800409/fast"
/usr/bin/make -f CMakeFiles/cmTryCompileExec4036800409.dir/build.make CMakeFiles/cmTryCompileExec4036800409.dir/build
make[1]: entrant dans le répertoire « /home/angecroft/Documents/physicEngine/Template-Imac3-MoteursPhysiques-PartyKel/build/CMakeFiles/CMakeTmp »
/usr/bin/cmake -E cmake_progress_report /home/angecroft/Documents/physicEngine/Template-Imac3-MoteursPhysiques-PartyKel/build/CMakeFiles/CMakeTmp/CMakeFiles 1
Building C object CMakeFiles/cmTryCompileExec4036800409.dir/CheckIncludeFiles.c.o
/usr/bin/cc    -o CMakeFiles/cmTryCompileExec4036800409.dir/CheckIncludeFiles.c.o   -c /home/angecroft/Documents/physicEngine/Template-Imac3-MoteursPhysiques-PartyKel/build/CMakeFiles/CMakeTmp/CheckIncludeFiles.c
Linking C executable cmTryCompileExec4036800409
/usr/bin/cmake -E cmake_link_script CMakeFiles/cmTryCompileExec4036800409.dir/link.txt --verbose=1
/usr/bin/cc       CMakeFiles/cmTryCompileExec4036800409.dir/CheckIncludeFiles.c.o  -o cmTryCompileExec4036800409 -rdynamic 
make[1]: quittant le répertoire « /home/angecroft/Documents/physicEngine/Template-Imac3-MoteursPhysiques-PartyKel/build/CMakeFiles/CMakeTmp »


Determining if the function pthread_create exists in the pthread passed with the following output:
Change Dir: /home/angecroft/Documents/physicEngine/Template-Imac3-MoteursPhysiques-PartyKel/build/CMakeFiles/CMakeTmp

Run Build Command:/usr/bin/make "cmTryCompileExec2924321267/fast"
/usr/bin/make -f CMakeFiles/cmTryCompileExec2924321267.dir/build.make CMakeFiles/cmTryCompileExec2924321267.dir/build
make[1]: entrant dans le répertoire « /home/angecroft/Documents/physicEngine/Template-Imac3-MoteursPhysiques-PartyKel/build/CMakeFiles/CMakeTmp »
/usr/bin/cmake -E cmake_progress_report /home/angecroft/Documents/physicEngine/Template-Imac3-MoteursPhysiques-PartyKel/build/CMakeFiles/CMakeTmp/CMakeFiles 1
Building C object CMakeFiles/cmTryCompileExec2924321267.dir/CheckFunctionExists.c.o
/usr/bin/cc   -DCHECK_FUNCTION_EXISTS=pthread_create   -o CMakeFiles/cmTryCompileExec2924321267.dir/CheckFunctionExists.c.o   -c /usr/share/cmake-2.8/Modules/CheckFunctionExists.c
Linking C executable cmTryCompileExec2924321267
/usr/bin/cmake -E cmake_link_script CMakeFiles/cmTryCompileExec2924321267.dir/link.txt --verbose=1
/usr/bin/cc   -DCHECK_FUNCTION_EXISTS=pthread_create    CMakeFiles/cmTryCompileExec2924321267.dir/CheckFunctionExists.c.o  -o cmTryCompileExec2924321267 -rdynamic -lpthread 
make[1]: quittant le répertoire « /home/angecroft/Documents/physicEngine/Template-Imac3-MoteursPhysiques-PartyKel/build/CMakeFiles/CMakeTmp »


Determining if the function XOpenDisplay exists in the /usr/lib/x86_64-linux-gnu/libX11.so;/usr/lib/x86_64-linux-gnu/libXext.so passed with the following output:
Change Dir: /home/angecroft/Documents/physicEngine/Template-Imac3-MoteursPhysiques-PartyKel/build/CMakeFiles/CMakeTmp

Run Build Command:/usr/bin/make "cmTryCompileExec1420533310/fast"
/usr/bin/make -f CMakeFiles/cmTryCompileExec1420533310.dir/build.make CMakeFiles/cmTryCompileExec1420533310.dir/build
make[1]: entrant dans le répertoire « /home/angecroft/Documents/physicEngine/Template-Imac3-MoteursPhysiques-PartyKel/build/CMakeFiles/CMakeTmp »
/usr/bin/cmake -E cmake_progress_report /home/angecroft/Documents/physicEngine/Template-Imac3-MoteursPhysiques-PartyKel/build/CMakeFiles/CMakeTmp/CMakeFiles 1
Building C object CMakeFiles/cmTryCompileExec1420533310.dir/CheckFunctionExists.c.o
/usr/bin/cc   -DCHECK_FUNCTION_EXISTS=XOpenDisplay   -o CMakeFiles/cmTryCompileExec1420533310.dir/CheckFunctionExists.c.o   -c /usr/share/cmake-2.8/Modules/CheckFunctionExists.c
Linking C executable cmTryCompileExec1420533310
/usr/bin/cmake -E cmake_link_script CMakeFiles/cmTryCompileExec1420533310.dir/link.txt --verbose=1
/usr/bin/cc   -DCHECK_FUNCTION_EXISTS=XOpenDisplay    CMakeFiles/cmTryCompileExec1420533310.dir/CheckFunctionExists.c.o  -o cmTryCompileExec1420533310 -rdynamic -lX11 -lXext 
make[1]: quittant le répertoire « /home/angecroft/Documents/physicEngine/Template-Imac3-MoteursPhysiques-PartyKel/build/CMakeFiles/CMakeTmp »


Determining if the function gethostbyname exists passed with the following output:
Change Dir: /home/angecroft/Documents/physicEngine/Template-Imac3-MoteursPhysiques-PartyKel/build/CMakeFiles/CMakeTmp

Run Build Command:/usr/bin/make "cmTryCompileExec1783121945/fast"
/usr/bin/make -f CMakeFiles/cmTryCompileExec1783121945.dir/build.make CMakeFiles/cmTryCompileExec1783121945.dir/build
make[1]: entrant dans le répertoire « /home/angecroft/Documents/physicEngine/Template-Imac3-MoteursPhysiques-PartyKel/build/CMakeFiles/CMakeTmp »
/usr/bin/cmake -E cmake_progress_report /home/angecroft/Documents/physicEngine/Template-Imac3-MoteursPhysiques-PartyKel/build/CMakeFiles/CMakeTmp/CMakeFiles 1
Building C object CMakeFiles/cmTryCompileExec1783121945.dir/CheckFunctionExists.c.o
/usr/bin/cc   -DCHECK_FUNCTION_EXISTS=gethostbyname   -o CMakeFiles/cmTryCompileExec1783121945.dir/CheckFunctionExists.c.o   -c /usr/share/cmake-2.8/Modules/CheckFunctionExists.c
Linking C executable cmTryCompileExec1783121945
/usr/bin/cmake -E cmake_link_script CMakeFiles/cmTryCompileExec1783121945.dir/link.txt --verbose=1
/usr/bin/cc   -DCHECK_FUNCTION_EXISTS=gethostbyname    CMakeFiles/cmTryCompileExec1783121945.dir/CheckFunctionExists.c.o  -o cmTryCompileExec1783121945 -rdynamic 
make[1]: quittant le répertoire « /home/angecroft/Documents/physicEngine/Template-Imac3-MoteursPhysiques-PartyKel/build/CMakeFiles/CMakeTmp »


Determining if the function connect exists passed with the following output:
Change Dir: /home/angecroft/Documents/physicEngine/Template-Imac3-MoteursPhysiques-PartyKel/build/CMakeFiles/CMakeTmp

Run Build Command:/usr/bin/make "cmTryCompileExec1418645258/fast"
/usr/bin/make -f CMakeFiles/cmTryCompileExec1418645258.dir/build.make CMakeFiles/cmTryCompileExec1418645258.dir/build
make[1]: entrant dans le répertoire « /home/angecroft/Documents/physicEngine/Template-Imac3-MoteursPhysiques-PartyKel/build/CMakeFiles/CMakeTmp »
/usr/bin/cmake -E cmake_progress_report /home/angecroft/Documents/physicEngine/Template-Imac3-MoteursPhysiques-PartyKel/build/CMakeFiles/CMakeTmp/CMakeFiles 1
Building C object CMakeFiles/cmTryCompileExec1418645258.dir/CheckFunctionExists.c.o
/usr/bin/cc   -DCHECK_FUNCTION_EXISTS=connect   -o CMakeFiles/cmTryCompileExec1418645258.dir/CheckFunctionExists.c.o   -c /usr/share/cmake-2.8/Modules/CheckFunctionExists.c
Linking C executable cmTryCompileExec1418645258
/usr/bin/cmake -E cmake_link_script CMakeFiles/cmTryCompileExec1418645258.dir/link.txt --verbose=1
/usr/bin/cc   -DCHECK_FUNCTION_EXISTS=connect    CMakeFiles/cmTryCompileExec1418645258.dir/CheckFunctionExists.c.o  -o cmTryCompileExec1418645258 -rdynamic 
make[1]: quittant le répertoire « /home/angecroft/Documents/physicEngine/Template-Imac3-MoteursPhysiques-PartyKel/build/CMakeFiles/CMakeTmp »


Determining if the function remove exists passed with the following output:
Change Dir: /home/angecroft/Documents/physicEngine/Template-Imac3-MoteursPhysiques-PartyKel/build/CMakeFiles/CMakeTmp

Run Build Command:/usr/bin/make "cmTryCompileExec2354396021/fast"
/usr/bin/make -f CMakeFiles/cmTryCompileExec2354396021.dir/build.make CMakeFiles/cmTryCompileExec2354396021.dir/build
make[1]: entrant dans le répertoire « /home/angecroft/Documents/physicEngine/Template-Imac3-MoteursPhysiques-PartyKel/build/CMakeFiles/CMakeTmp »
/usr/bin/cmake -E cmake_progress_report /home/angecroft/Documents/physicEngine/Template-Imac3-MoteursPhysiques-PartyKel/build/CMakeFiles/CMakeTmp/CMakeFiles 1
Building C object CMakeFiles/cmTryCompileExec2354396021.dir/CheckFunctionExists.c.o
/usr/bin/cc   -DCHECK_FUNCTION_EXISTS=remove   -o CMakeFiles/cmTryCompileExec2354396021.dir/CheckFunctionExists.c.o   -c /usr/share/cmake-2.8/Modules/CheckFunctionExists.c
Linking C executable cmTryCompileExec2354396021
/usr/bin/cmake -E cmake_link_script CMakeFiles/cmTryCompileExec2354396021.dir/link.txt --verbose=1
/usr/bin/cc   -DCHECK_FUNCTION_EXISTS=remove    CMakeFiles/cmTryCompileExec2354396021.dir/CheckFunctionExists.c.o  -o cmTryCompileExec2354396021 -rdynamic 
make[1]: quittant le répertoire « /home/angecroft/Documents/physicEngine/Template-Imac3-MoteursPhysiques-PartyKel/build/CMakeFiles/CMakeTmp »


Determining if the function shmat exists passed with the following output:
Change Dir: /home/angecroft/Documents/physicEngine/Template-Imac3-MoteursPhysiques-PartyKel/build/CMakeFiles/CMakeTmp

Run Build Command:/usr/bin/make "cmTryCompileExec3264363348/fast"
/usr/bin/make -f CMakeFiles/cmTryCompileExec3264363348.dir/build.make CMakeFiles/cmTryCompileExec3264363348.dir/build
make[1]: entrant dans le répertoire « /home/angecroft/Documents/physicEngine/Template-Imac3-MoteursPhysiques-PartyKel/build/CMakeFiles/CMakeTmp »
/usr/bin/cmake -E cmake_progress_report /home/angecroft/Documents/physicEngine/Template-Imac3-MoteursPhysiques-PartyKel/build/CMakeFiles/CMakeTmp/CMakeFiles 1
Building C object CMakeFiles/cmTryCompileExec3264363348.dir/CheckFunctionExists.c.o
/usr/bin/cc   -DCHECK_FUNCTION_EXISTS=shmat   -o CMakeFiles/cmTryCompileExec3264363348.dir/CheckFunctionExists.c.o   -c /usr/share/cmake-2.8/Modules/CheckFunctionExists.c
Linking C executable cmTryCompileExec3264363348
/usr/bin/cmake -E cmake_link_script CMakeFiles/cmTryCompileExec3264363348.dir/link.txt --verbose=1
/usr/bin/cc   -DCHECK_FUNCTION_EXISTS=shmat    CMakeFiles/cmTryCompileExec3264363348.dir/CheckFunctionExists.c.o  -o cmTryCompileExec3264363348 -rdynamic 
make[1]: quittant le répertoire « /home/angecroft/Documents/physicEngine/Template-Imac3-MoteursPhysiques-PartyKel/build/CMakeFiles/CMakeTmp »


Determining if the function IceConnectionNumber exists in the ICE passed with the following output:
Change Dir: /home/angecroft/Documents/physicEngine/Template-Imac3-MoteursPhysiques-PartyKel/build/CMakeFiles/CMakeTmp

Run Build Command:/usr/bin/make "cmTryCompileExec48279895/fast"
/usr/bin/make -f CMakeFiles/cmTryCompileExec48279895.dir/build.make CMakeFiles/cmTryCompileExec48279895.dir/build
make[1]: entrant dans le répertoire « /home/angecroft/Documents/physicEngine/Template-Imac3-MoteursPhysiques-PartyKel/build/CMakeFiles/CMakeTmp »
/usr/bin/cmake -E cmake_progress_report /home/angecroft/Documents/physicEngine/Template-Imac3-MoteursPhysiques-PartyKel/build/CMakeFiles/CMakeTmp/CMakeFiles 1
Building C object CMakeFiles/cmTryCompileExec48279895.dir/CheckFunctionExists.c.o
/usr/bin/cc   -DCHECK_FUNCTION_EXISTS=IceConnectionNumber   -o CMakeFiles/cmTryCompileExec48279895.dir/CheckFunctionExists.c.o   -c /usr/share/cmake-2.8/Modules/CheckFunctionExists.c
Linking C executable cmTryCompileExec48279895
/usr/bin/cmake -E cmake_link_script CMakeFiles/cmTryCompileExec48279895.dir/link.txt --verbose=1
/usr/bin/cc   -DCHECK_FUNCTION_EXISTS=IceConnectionNumber    CMakeFiles/cmTryCompileExec48279895.dir/CheckFunctionExists.c.o  -o cmTryCompileExec48279895 -rdynamic -lICE 
make[1]: quittant le répertoire « /home/angecroft/Documents/physicEngine/Template-Imac3-MoteursPhysiques-PartyKel/build/CMakeFiles/CMakeTmp »


