Determining if the pthread_create exist failed with the following output:
Change Dir: /home/angecroft/Documents/physicEngine/Template-Imac3-MoteursPhysiques-PartyKel/build/CMakeFiles/CMakeTmp

Run Build Command:/usr/bin/make "cmTryCompileExec3759726010/fast"
/usr/bin/make -f CMakeFiles/cmTryCompileExec3759726010.dir/build.make CMakeFiles/cmTryCompileExec3759726010.dir/build
make[1]: entrant dans le répertoire « /home/angecroft/Documents/physicEngine/Template-Imac3-MoteursPhysiques-PartyKel/build/CMakeFiles/CMakeTmp »
/usr/bin/cmake -E cmake_progress_report /home/angecroft/Documents/physicEngine/Template-Imac3-MoteursPhysiques-PartyKel/build/CMakeFiles/CMakeTmp/CMakeFiles 1
Building C object CMakeFiles/cmTryCompileExec3759726010.dir/CheckSymbolExists.c.o
/usr/bin/cc    -o CMakeFiles/cmTryCompileExec3759726010.dir/CheckSymbolExists.c.o   -c /home/angecroft/Documents/physicEngine/Template-Imac3-MoteursPhysiques-PartyKel/build/CMakeFiles/CMakeTmp/CheckSymbolExists.c
Linking C executable cmTryCompileExec3759726010
/usr/bin/cmake -E cmake_link_script CMakeFiles/cmTryCompileExec3759726010.dir/link.txt --verbose=1
/usr/bin/cc       CMakeFiles/cmTryCompileExec3759726010.dir/CheckSymbolExists.c.o  -o cmTryCompileExec3759726010 -rdynamic 
CMakeFiles/cmTryCompileExec3759726010.dir/CheckSymbolExists.c.o: dans la fonction « main »:
CheckSymbolExists.c:(.text+0x16): référence indéfinie vers « pthread_create »
collect2: error: ld returned 1 exit status
make[1]: *** [cmTryCompileExec3759726010] Erreur 1
make[1]: quittant le répertoire « /home/angecroft/Documents/physicEngine/Template-Imac3-MoteursPhysiques-PartyKel/build/CMakeFiles/CMakeTmp »
make: *** [cmTryCompileExec3759726010/fast] Erreur 2

File /home/angecroft/Documents/physicEngine/Template-Imac3-MoteursPhysiques-PartyKel/build/CMakeFiles/CMakeTmp/CheckSymbolExists.c:
/* */
#include <pthread.h>

int main(int argc, char** argv)
{
  (void)argv;
#ifndef pthread_create
  return ((int*)(&pthread_create))[argc];
#else
  (void)argc;
  return 0;
#endif
}

Determining if the function pthread_create exists in the pthreads failed with the following output:
Change Dir: /home/angecroft/Documents/physicEngine/Template-Imac3-MoteursPhysiques-PartyKel/build/CMakeFiles/CMakeTmp

Run Build Command:/usr/bin/make "cmTryCompileExec2696437105/fast"
/usr/bin/make -f CMakeFiles/cmTryCompileExec2696437105.dir/build.make CMakeFiles/cmTryCompileExec2696437105.dir/build
make[1]: entrant dans le répertoire « /home/angecroft/Documents/physicEngine/Template-Imac3-MoteursPhysiques-PartyKel/build/CMakeFiles/CMakeTmp »
/usr/bin/cmake -E cmake_progress_report /home/angecroft/Documents/physicEngine/Template-Imac3-MoteursPhysiques-PartyKel/build/CMakeFiles/CMakeTmp/CMakeFiles 1
Building C object CMakeFiles/cmTryCompileExec2696437105.dir/CheckFunctionExists.c.o
/usr/bin/cc   -DCHECK_FUNCTION_EXISTS=pthread_create   -o CMakeFiles/cmTryCompileExec2696437105.dir/CheckFunctionExists.c.o   -c /usr/share/cmake-2.8/Modules/CheckFunctionExists.c
Linking C executable cmTryCompileExec2696437105
/usr/bin/cmake -E cmake_link_script CMakeFiles/cmTryCompileExec2696437105.dir/link.txt --verbose=1
/usr/bin/cc   -DCHECK_FUNCTION_EXISTS=pthread_create    CMakeFiles/cmTryCompileExec2696437105.dir/CheckFunctionExists.c.o  -o cmTryCompileExec2696437105 -rdynamic -lpthreads 
/usr/bin/ld: ne peut trouver -lpthreads
collect2: error: ld returned 1 exit status
make[1]: *** [cmTryCompileExec2696437105] Erreur 1
make[1]: quittant le répertoire « /home/angecroft/Documents/physicEngine/Template-Imac3-MoteursPhysiques-PartyKel/build/CMakeFiles/CMakeTmp »
make: *** [cmTryCompileExec2696437105/fast] Erreur 2


Determining if the pthread_create exist failed with the following output:
Change Dir: /home/angecroft/Documents/physicEngine/Template-Imac3-MoteursPhysiques-PartyKel/build/CMakeFiles/CMakeTmp

Run Build Command:/usr/bin/make "cmTryCompileExec180198196/fast"
/usr/bin/make -f CMakeFiles/cmTryCompileExec180198196.dir/build.make CMakeFiles/cmTryCompileExec180198196.dir/build
make[1]: entrant dans le répertoire « /home/angecroft/Documents/physicEngine/Template-Imac3-MoteursPhysiques-PartyKel/build/CMakeFiles/CMakeTmp »
/usr/bin/cmake -E cmake_progress_report /home/angecroft/Documents/physicEngine/Template-Imac3-MoteursPhysiques-PartyKel/build/CMakeFiles/CMakeTmp/CMakeFiles 1
Building C object CMakeFiles/cmTryCompileExec180198196.dir/CheckSymbolExists.c.o
/usr/bin/cc    -o CMakeFiles/cmTryCompileExec180198196.dir/CheckSymbolExists.c.o   -c /home/angecroft/Documents/physicEngine/Template-Imac3-MoteursPhysiques-PartyKel/build/CMakeFiles/CMakeTmp/CheckSymbolExists.c
Linking C executable cmTryCompileExec180198196
/usr/bin/cmake -E cmake_link_script CMakeFiles/cmTryCompileExec180198196.dir/link.txt --verbose=1
/usr/bin/cc       CMakeFiles/cmTryCompileExec180198196.dir/CheckSymbolExists.c.o  -o cmTryCompileExec180198196 -rdynamic 
CMakeFiles/cmTryCompileExec180198196.dir/CheckSymbolExists.c.o: dans la fonction « main »:
CheckSymbolExists.c:(.text+0x16): référence indéfinie vers « pthread_create »
collect2: error: ld returned 1 exit status
make[1]: *** [cmTryCompileExec180198196] Erreur 1
make[1]: quittant le répertoire « /home/angecroft/Documents/physicEngine/Template-Imac3-MoteursPhysiques-PartyKel/build/CMakeFiles/CMakeTmp »
make: *** [cmTryCompileExec180198196/fast] Erreur 2

File /home/angecroft/Documents/physicEngine/Template-Imac3-MoteursPhysiques-PartyKel/build/CMakeFiles/CMakeTmp/CheckSymbolExists.c:
/* */
#include <pthread.h>

int main(int argc, char** argv)
{
  (void)argv;
#ifndef pthread_create
  return ((int*)(&pthread_create))[argc];
#else
  (void)argc;
  return 0;
#endif
}

Determining if the function pthread_create exists in the pthreads failed with the following output:
Change Dir: /home/angecroft/Documents/physicEngine/Template-Imac3-MoteursPhysiques-PartyKel/build/CMakeFiles/CMakeTmp

Run Build Command:/usr/bin/make "cmTryCompileExec2879624830/fast"
/usr/bin/make -f CMakeFiles/cmTryCompileExec2879624830.dir/build.make CMakeFiles/cmTryCompileExec2879624830.dir/build
make[1]: entrant dans le répertoire « /home/angecroft/Documents/physicEngine/Template-Imac3-MoteursPhysiques-PartyKel/build/CMakeFiles/CMakeTmp »
/usr/bin/cmake -E cmake_progress_report /home/angecroft/Documents/physicEngine/Template-Imac3-MoteursPhysiques-PartyKel/build/CMakeFiles/CMakeTmp/CMakeFiles 1
Building C object CMakeFiles/cmTryCompileExec2879624830.dir/CheckFunctionExists.c.o
/usr/bin/cc   -DCHECK_FUNCTION_EXISTS=pthread_create   -o CMakeFiles/cmTryCompileExec2879624830.dir/CheckFunctionExists.c.o   -c /usr/share/cmake-2.8/Modules/CheckFunctionExists.c
Linking C executable cmTryCompileExec2879624830
/usr/bin/cmake -E cmake_link_script CMakeFiles/cmTryCompileExec2879624830.dir/link.txt --verbose=1
/usr/bin/cc   -DCHECK_FUNCTION_EXISTS=pthread_create    CMakeFiles/cmTryCompileExec2879624830.dir/CheckFunctionExists.c.o  -o cmTryCompileExec2879624830 -rdynamic -lpthreads 
/usr/bin/ld: ne peut trouver -lpthreads
collect2: error: ld returned 1 exit status
make[1]: *** [cmTryCompileExec2879624830] Erreur 1
make[1]: quittant le répertoire « /home/angecroft/Documents/physicEngine/Template-Imac3-MoteursPhysiques-PartyKel/build/CMakeFiles/CMakeTmp »
make: *** [cmTryCompileExec2879624830/fast] Erreur 2


